app/build/intermediates/manifest_merge_blame_file/debug/processDebugMainManifest/manifest-merger-blame-debug-report.txt
1<?xml version="1.0" encoding="utf-8"?>
2<manifest xmlns:android="http://schemas.android.com/apk/res/android"
3    package="com.example.mohaiminur.com.textchat"
4    android:versionCode="1"
5    android:versionName="1.0" >
6
7    <uses-sdk
8        android:minSdkVersion="17"
9        android:targetSdkVersion="34" />
10
11    <uses-permission android:name="android.permission.INTERNET" />
11-->src\main\AndroidManifest.xml:4:5-67
11-->src\main\AndroidManifest.xml:4:22-64
12    <uses-permission android:name="android.permission.READ_CONTACTS" />
12-->src\main\AndroidManifest.xml:5:5-72
12-->src\main\AndroidManifest.xml:5:22-69
13    <uses-permission android:name="android.permission.WRITE_CONTACTS" />
13-->src\main\AndroidManifest.xml:6:5-73
13-->src\main\AndroidManifest.xml:6:22-70
14    <uses-permission android:name="android.permission.WRITE_EXTERNAL_STORAGE" />
14-->src\main\AndroidManifest.xml:7:5-81
14-->src\main\AndroidManifest.xml:7:22-78
15    <uses-permission android:name="android.permission.READ_EXTERNAL_STORAGE" />
15-->src\main\AndroidManifest.xml:8:5-80
15-->src\main\AndroidManifest.xml:8:22-77
16    <uses-permission android:name="android.permission.CAMERA" />
16-->src\main\AndroidManifest.xml:9:5-65
16-->src\main\AndroidManifest.xml:9:22-62
17
18    <uses-feature android:name="android.hardware.camera" />
18-->src\main\AndroidManifest.xml:10:5-60
18-->src\main\AndroidManifest.xml:10:19-57
19    <uses-feature android:name="android.hardware.camera.autofocus" />
19-->src\main\AndroidManifest.xml:11:5-70
19-->src\main\AndroidManifest.xml:11:19-67
20
21    <uses-permission android:name="android.permission.ACCESS_NETWORK_STATE" />
21-->[com.google.firebase:firebase-measurement-connector-impl:16.0.1] AndroidManifest.xml:23:5-79
21-->[com.google.firebase:firebase-measurement-connector-impl:16.0.1] AndroidManifest.xml:23:22-76
22    <uses-permission android:name="android.permission.WAKE_LOCK" />
22-->[com.google.firebase:firebase-measurement-connector-impl:16.0.1] AndroidManifest.xml:24:5-68
22-->[com.google.firebase:firebase-measurement-connector-impl:16.0.1] AndroidManifest.xml:24:22-65
23    <uses-permission android:name="com.google.android.finsky.permission.BIND_GET_INSTALL_REFERRER_SERVICE" /> <!-- Required by older versions of Google Play services to create IID tokens -->
23-->[com.google.firebase:firebase-analytics:16.0.1] AndroidManifest.xml:26:5-110
23-->[com.google.firebase:firebase-analytics:16.0.1] AndroidManifest.xml:26:22-107
24    <uses-permission android:name="com.google.android.c2dm.permission.RECEIVE" />
24-->[com.google.firebase:firebase-iid:17.0.1] AndroidManifest.xml:26:5-82
24-->[com.google.firebase:firebase-iid:17.0.1] AndroidManifest.xml:26:22-79
25
26    <application
26-->src\main\AndroidManifest.xml:13:5-52:19
27        android:allowBackup="true"
27-->src\main\AndroidManifest.xml:14:9-35
28        android:appComponentFactory="android.support.v4.app.CoreComponentFactory"
28-->[com.android.support:support-compat:28.0.0] AndroidManifest.xml:22:18-91
29        android:debuggable="true"
30        android:extractNativeLibs="true"
31        android:icon="@drawable/one"
31-->src\main\AndroidManifest.xml:15:9-37
32        android:label="@string/app_name"
32-->src\main\AndroidManifest.xml:16:9-41
33        android:roundIcon="@mipmap/ic_launcher_round"
33-->src\main\AndroidManifest.xml:17:9-54
34        android:supportsRtl="true"
34-->src\main\AndroidManifest.xml:18:9-35
35        android:testOnly="true"
36        android:theme="@style/AppTheme" >
36-->src\main\AndroidManifest.xml:19:9-40
37        <activity
37-->src\main\AndroidManifest.xml:20:9-27:20
38            android:name="com.example.mohaiminur.com.textchat.StartActivity"
38-->src\main\AndroidManifest.xml:20:19-48
39            android:exported="true" >
39-->src\main\AndroidManifest.xml:21:13-36
40            <intent-filter>
40-->src\main\AndroidManifest.xml:22:13-26:29
41                <action android:name="android.intent.action.MAIN" />
41-->src\main\AndroidManifest.xml:23:17-69
41-->src\main\AndroidManifest.xml:23:25-66
42
43                <category android:name="android.intent.category.LAUNCHER" />
43-->src\main\AndroidManifest.xml:25:17-77
43-->src\main\AndroidManifest.xml:25:27-74
44            </intent-filter>
45        </activity>
46        <activity android:name="com.example.mohaiminur.com.textchat.MainActivity" />
46-->src\main\AndroidManifest.xml:28:9-50
46-->src\main\AndroidManifest.xml:28:19-47
47        <activity
47-->src\main\AndroidManifest.xml:29:9-31:59
48            android:name="com.example.mohaiminur.com.textchat.LoginActivity"
48-->src\main\AndroidManifest.xml:30:13-42
49            android:parentActivityName="com.example.mohaiminur.com.textchat.StartActivity" />
49-->src\main\AndroidManifest.xml:31:13-56
50        <activity android:name="com.example.mohaiminur.com.textchat.MessageActivity" />
50-->src\main\AndroidManifest.xml:32:9-53
50-->src\main\AndroidManifest.xml:32:19-50
51
52        <service
52-->src\main\AndroidManifest.xml:34:9-40:19
53            android:name="com.example.mohaiminur.com.textchat.Notifications.MyFirebaseIdService"
53-->src\main\AndroidManifest.xml:34:18-67
54            android:enabled="true"
54-->src\main\AndroidManifest.xml:35:13-35
55            android:exported="true" >
55-->src\main\AndroidManifest.xml:36:13-36
56            <intent-filter>
56-->src\main\AndroidManifest.xml:37:13-39:29
57                <action android:name="com.google.firebase.INSTANCE_ID_EVENT" />
57-->src\main\AndroidManifest.xml:38:17-79
57-->src\main\AndroidManifest.xml:38:25-77
58            </intent-filter>
59        </service>
60        <service
60-->src\main\AndroidManifest.xml:42:9-48:19
61            android:name="com.example.mohaiminur.com.textchat.Notifications.MyFirebaseMessaging"
61-->src\main\AndroidManifest.xml:42:18-67
62            android:enabled="true"
62-->src\main\AndroidManifest.xml:43:13-35
63            android:exported="true" >
63-->src\main\AndroidManifest.xml:44:13-36
64            <intent-filter>
64-->src\main\AndroidManifest.xml:45:13-47:29
65                <action android:name="com.google.firebase.MESSAGING_EVENT" />
65-->src\main\AndroidManifest.xml:46:17-77
65-->src\main\AndroidManifest.xml:46:25-75
66            </intent-filter>
67        </service>
68
69        <meta-data
69-->src\main\AndroidManifest.xml:49:9-51:35
70            android:name="com.google.firebase.ml.vision.DEPENDENCIES"
70-->src\main\AndroidManifest.xml:50:13-70
71            android:value="ocr" />
71-->src\main\AndroidManifest.xml:51:13-32
72
73        <activity
73-->[com.google.firebase:firebase-auth:16.0.1] AndroidManifest.xml:23:9-29:75
74            android:name="com.google.firebase.auth.internal.FederatedSignInActivity"
74-->[com.google.firebase:firebase-auth:16.0.1] AndroidManifest.xml:24:13-85
75            android:excludeFromRecents="true"
75-->[com.google.firebase:firebase-auth:16.0.1] AndroidManifest.xml:25:13-46
76            android:exported="true"
76-->[com.google.firebase:firebase-auth:16.0.1] AndroidManifest.xml:26:13-36
77            android:launchMode="singleInstance"
77-->[com.google.firebase:firebase-auth:16.0.1] AndroidManifest.xml:27:13-48
78            android:permission="com.google.firebase.auth.api.gms.permission.LAUNCH_FEDERATED_SIGN_IN"
78-->[com.google.firebase:firebase-auth:16.0.1] AndroidManifest.xml:28:13-102
79            android:theme="@android:style/Theme.Translucent.NoTitleBar" />
79-->[com.google.firebase:firebase-auth:16.0.1] AndroidManifest.xml:29:13-72
80
81        <service
81-->[com.google.firebase:firebase-auth:16.0.1] AndroidManifest.xml:31:9-35:19
82            android:name="com.google.firebase.components.ComponentDiscoveryService"
82-->[com.google.firebase:firebase-auth:16.0.1] AndroidManifest.xml:31:18-89
83            android:exported="false" >
83-->[com.google.firebase:firebase-iid:17.0.1] AndroidManifest.xml:31:13-37
84            <meta-data
84-->[com.google.firebase:firebase-auth:16.0.1] AndroidManifest.xml:32:13-34:85
85                android:name="com.google.firebase.components:com.google.firebase.auth.FirebaseAuthRegistrar"
85-->[com.google.firebase:firebase-auth:16.0.1] AndroidManifest.xml:33:17-109
86                android:value="com.google.firebase.components.ComponentRegistrar" />
86-->[com.google.firebase:firebase-auth:16.0.1] AndroidManifest.xml:34:17-82
87            <meta-data
87-->[com.google.firebase:firebase-measurement-connector-impl:16.0.1] AndroidManifest.xml:28:13-30:85
88                android:name="com.google.firebase.components:com.google.firebase.analytics.connector.internal.AnalyticsConnectorRegistrar"
88-->[com.google.firebase:firebase-measurement-connector-impl:16.0.1] AndroidManifest.xml:29:17-139
89                android:value="com.google.firebase.components.ComponentRegistrar" />
89-->[com.google.firebase:firebase-measurement-connector-impl:16.0.1] AndroidManifest.xml:30:17-82
90            <meta-data
90-->[com.google.firebase:firebase-iid:17.0.1] AndroidManifest.xml:32:13-34:85
91                android:name="com.google.firebase.components:com.google.firebase.iid.Registrar"
91-->[com.google.firebase:firebase-iid:17.0.1] AndroidManifest.xml:33:17-96
92                android:value="com.google.firebase.components.ComponentRegistrar" />
92-->[com.google.firebase:firebase-iid:17.0.1] AndroidManifest.xml:34:17-82
93        </service>
94        <!--
95             FirebaseMessagingService performs security checks at runtime,
96             no need for explicit permissions despite exported="true"
97        -->
98        <service
98-->[com.google.firebase:firebase-messaging:17.3.1] AndroidManifest.xml:28:9-34:19
99            android:name="com.google.firebase.messaging.FirebaseMessagingService"
99-->[com.google.firebase:firebase-messaging:17.3.1] AndroidManifest.xml:29:13-82
100            android:exported="true" >
100-->[com.google.firebase:firebase-messaging:17.3.1] AndroidManifest.xml:30:13-36
101            <intent-filter android:priority="-500" >
101-->src\main\AndroidManifest.xml:45:13-47:29
102                <action android:name="com.google.firebase.MESSAGING_EVENT" />
102-->src\main\AndroidManifest.xml:46:17-77
102-->src\main\AndroidManifest.xml:46:25-75
103            </intent-filter>
104        </service>
105
106        <receiver
106-->[com.google.firebase:firebase-analytics:16.0.1] AndroidManifest.xml:29:9-33:20
107            android:name="com.google.android.gms.measurement.AppMeasurementReceiver"
107-->[com.google.firebase:firebase-analytics:16.0.1] AndroidManifest.xml:30:13-85
108            android:enabled="true"
108-->[com.google.firebase:firebase-analytics:16.0.1] AndroidManifest.xml:31:13-35
109            android:exported="false" >
109-->[com.google.firebase:firebase-analytics:16.0.1] AndroidManifest.xml:32:13-37
110        </receiver>
111        <receiver
111-->[com.google.firebase:firebase-analytics:16.0.1] AndroidManifest.xml:34:9-42:20
112            android:name="com.google.android.gms.measurement.AppMeasurementInstallReferrerReceiver"
112-->[com.google.firebase:firebase-analytics:16.0.1] AndroidManifest.xml:35:13-100
113            android:enabled="true"
113-->[com.google.firebase:firebase-analytics:16.0.1] AndroidManifest.xml:36:13-35
114            android:exported="true"
114-->[com.google.firebase:firebase-analytics:16.0.1] AndroidManifest.xml:37:13-36
115            android:permission="android.permission.INSTALL_PACKAGES" >
115-->[com.google.firebase:firebase-analytics:16.0.1] AndroidManifest.xml:38:13-69
116            <intent-filter>
116-->[com.google.firebase:firebase-analytics:16.0.1] AndroidManifest.xml:39:13-41:29
117                <action android:name="com.android.vending.INSTALL_REFERRER" />
117-->[com.google.firebase:firebase-analytics:16.0.1] AndroidManifest.xml:40:17-79
117-->[com.google.firebase:firebase-analytics:16.0.1] AndroidManifest.xml:40:25-76
118            </intent-filter>
119        </receiver>
120
121        <service
121-->[com.google.firebase:firebase-analytics:16.0.1] AndroidManifest.xml:44:9-47:40
122            android:name="com.google.android.gms.measurement.AppMeasurementService"
122-->[com.google.firebase:firebase-analytics:16.0.1] AndroidManifest.xml:45:13-84
123            android:enabled="true"
123-->[com.google.firebase:firebase-analytics:16.0.1] AndroidManifest.xml:46:13-35
124            android:exported="false" />
124-->[com.google.firebase:firebase-analytics:16.0.1] AndroidManifest.xml:47:13-37
125        <service
125-->[com.google.firebase:firebase-analytics:16.0.1] AndroidManifest.xml:48:9-52:72
126            android:name="com.google.android.gms.measurement.AppMeasurementJobService"
126-->[com.google.firebase:firebase-analytics:16.0.1] AndroidManifest.xml:49:13-87
127            android:enabled="true"
127-->[com.google.firebase:firebase-analytics:16.0.1] AndroidManifest.xml:50:13-35
128            android:exported="false"
128-->[com.google.firebase:firebase-analytics:16.0.1] AndroidManifest.xml:51:13-37
129            android:permission="android.permission.BIND_JOB_SERVICE" />
129-->[com.google.firebase:firebase-analytics:16.0.1] AndroidManifest.xml:52:13-69
130
131        <receiver
131-->[com.google.firebase:firebase-iid:17.0.1] AndroidManifest.xml:37:9-44:20
132            android:name="com.google.firebase.iid.FirebaseInstanceIdReceiver"
132-->[com.google.firebase:firebase-iid:17.0.1] AndroidManifest.xml:38:13-78
133            android:exported="true"
133-->[com.google.firebase:firebase-iid:17.0.1] AndroidManifest.xml:39:13-36
134            android:permission="com.google.android.c2dm.permission.SEND" >
134-->[com.google.firebase:firebase-iid:17.0.1] AndroidManifest.xml:40:13-73
135            <intent-filter>
135-->[com.google.firebase:firebase-iid:17.0.1] AndroidManifest.xml:41:13-43:29
136                <action android:name="com.google.android.c2dm.intent.RECEIVE" />
136-->[com.google.firebase:firebase-iid:17.0.1] AndroidManifest.xml:42:17-81
136-->[com.google.firebase:firebase-iid:17.0.1] AndroidManifest.xml:42:25-78
137            </intent-filter>
138        </receiver>
139        <!--
140             FirebaseInstanceIdService performs security checks at runtime,
141             no need for explicit permissions despite exported="true"
142        -->
143        <service
143-->[com.google.firebase:firebase-iid:17.0.1] AndroidManifest.xml:50:9-56:19
144            android:name="com.google.firebase.iid.FirebaseInstanceIdService"
144-->[com.google.firebase:firebase-iid:17.0.1] AndroidManifest.xml:51:13-77
145            android:exported="true" >
145-->[com.google.firebase:firebase-iid:17.0.1] AndroidManifest.xml:52:13-36
146            <intent-filter android:priority="-500" >
146-->src\main\AndroidManifest.xml:37:13-39:29
147                <action android:name="com.google.firebase.INSTANCE_ID_EVENT" />
147-->src\main\AndroidManifest.xml:38:17-79
147-->src\main\AndroidManifest.xml:38:25-77
148            </intent-filter>
149        </service>
150
151        <activity
151-->[com.google.android.gms:play-services-base:15.0.1] AndroidManifest.xml:23:9-26:75
152            android:name="com.google.android.gms.common.api.GoogleApiActivity"
152-->[com.google.android.gms:play-services-base:15.0.1] AndroidManifest.xml:24:13-79
153            android:exported="false"
153-->[com.google.android.gms:play-services-base:15.0.1] AndroidManifest.xml:25:13-37
154            android:theme="@android:style/Theme.Translucent.NoTitleBar" />
154-->[com.google.android.gms:play-services-base:15.0.1] AndroidManifest.xml:26:13-72
155
156        <provider
156-->[com.google.firebase:firebase-common:16.0.1] AndroidManifest.xml:10:9-14:39
157            android:name="com.google.firebase.provider.FirebaseInitProvider"
157-->[com.google.firebase:firebase-common:16.0.1] AndroidManifest.xml:11:13-77
158            android:authorities="com.example.mohaiminur.com.textchat.firebaseinitprovider"
158-->[com.google.firebase:firebase-common:16.0.1] AndroidManifest.xml:12:13-72
159            android:exported="false"
159-->[com.google.firebase:firebase-common:16.0.1] AndroidManifest.xml:13:13-37
160            android:initOrder="100" />
160-->[com.google.firebase:firebase-common:16.0.1] AndroidManifest.xml:14:13-36
161
162        <meta-data
162-->[com.google.android.gms:play-services-basement:15.0.1] AndroidManifest.xml:23:9-25:69
163            android:name="com.google.android.gms.version"
163-->[com.google.android.gms:play-services-basement:15.0.1] AndroidManifest.xml:24:13-58
164            android:value="@integer/google_play_services_version" />
164-->[com.google.android.gms:play-services-basement:15.0.1] AndroidManifest.xml:25:13-66
165    </application>
166
167</manifest>